<?xml version="1.0" encoding="UTF-8"?>
<testng-results ignored="0" total="1" passed="1" failed="0" skipped="0">
  <reporter-output>
  </reporter-output>
  <suite started-at="2023-12-16T20:06:40 IST" name="Default suite" finished-at="2023-12-16T20:06:40 IST" duration-ms="214">
    <groups>
    </groups>
    <test started-at="2023-12-16T20:06:40 IST" name="Default test" finished-at="2023-12-16T20:06:40 IST" duration-ms="214">
      <class name="PageTest.ProductTest">
        <test-method signature="productPagetest()[pri:0, instance:PageTest.ProductTest@6743e411]" started-at="2023-12-16T20:06:40 IST" name="productPagetest" finished-at="2023-12-16T20:06:40 IST" duration-ms="39" status="PASS">
          <reporter-output>
          </reporter-output>
        </test-method> <!-- productPagetest -->
      </class> <!-- PageTest.ProductTest -->
    </test> <!-- Default test -->
  </suite> <!-- Default suite -->
</testng-results>
